Determining if the pthread_create exist failed with the following output:
Change Dir: /home/fyn/daily_exercise/exercise/bag_time_changer/build/CMakeFiles/CMakeTmp

Run Build Command:"/usr/bin/make" "cmTC_2fa1e/fast"
/usr/bin/make -f CMakeFiles/cmTC_2fa1e.dir/build.make CMakeFiles/cmTC_2fa1e.dir/build
make[1]: Entering directory '/home/fyn/daily_exercise/exercise/bag_time_changer/build/CMakeFiles/CMakeTmp'
Building C object CMakeFiles/cmTC_2fa1e.dir/CheckSymbolExists.c.o
/usr/bin/cc     -o CMakeFiles/cmTC_2fa1e.dir/CheckSymbolExists.c.o   -c /home/fyn/daily_exercise/exercise/bag_time_changer/build/CMakeFiles/CMakeTmp/CheckSymbolExists.c
Linking C executable cmTC_2fa1e
/usr/bin/cmake -E cmake_link_script CMakeFiles/cmTC_2fa1e.dir/link.txt --verbose=1
/usr/bin/cc       CMakeFiles/cmTC_2fa1e.dir/CheckSymbolExists.c.o  -o cmTC_2fa1e -rdynamic 
CMakeFiles/cmTC_2fa1e.dir/CheckSymbolExists.c.o: In function `main':
CheckSymbolExists.c:(.text+0x16): undefined reference to `pthread_create'
collect2: error: ld returned 1 exit status
CMakeFiles/cmTC_2fa1e.dir/build.make:97: recipe for target 'cmTC_2fa1e' failed
make[1]: *** [cmTC_2fa1e] Error 1
make[1]: Leaving directory '/home/fyn/daily_exercise/exercise/bag_time_changer/build/CMakeFiles/CMakeTmp'
Makefile:126: recipe for target 'cmTC_2fa1e/fast' failed
make: *** [cmTC_2fa1e/fast] Error 2

File /home/fyn/daily_exercise/exercise/bag_time_changer/build/CMakeFiles/CMakeTmp/CheckSymbolExists.c:
/* */
#include <pthread.h>

int main(int argc, char** argv)
{
  (void)argv;
#ifndef pthread_create
  return ((int*)(&pthread_create))[argc];
#else
  (void)argc;
  return 0;
#endif
}

Determining if the function pthread_create exists in the pthreads failed with the following output:
Change Dir: /home/fyn/daily_exercise/exercise/bag_time_changer/build/CMakeFiles/CMakeTmp

Run Build Command:"/usr/bin/make" "cmTC_0faf8/fast"
/usr/bin/make -f CMakeFiles/cmTC_0faf8.dir/build.make CMakeFiles/cmTC_0faf8.dir/build
make[1]: Entering directory '/home/fyn/daily_exercise/exercise/bag_time_changer/build/CMakeFiles/CMakeTmp'
Building C object CMakeFiles/cmTC_0faf8.dir/CheckFunctionExists.c.o
/usr/bin/cc    -DCHECK_FUNCTION_EXISTS=pthread_create   -o CMakeFiles/cmTC_0faf8.dir/CheckFunctionExists.c.o   -c /usr/share/cmake-3.5/Modules/CheckFunctionExists.c
Linking C executable cmTC_0faf8
/usr/bin/cmake -E cmake_link_script CMakeFiles/cmTC_0faf8.dir/link.txt --verbose=1
/usr/bin/cc   -DCHECK_FUNCTION_EXISTS=pthread_create    CMakeFiles/cmTC_0faf8.dir/CheckFunctionExists.c.o  -o cmTC_0faf8 -rdynamic -lpthreads 
/usr/bin/ld: cannot find -lpthreads
collect2: error: ld returned 1 exit status
CMakeFiles/cmTC_0faf8.dir/build.make:97: recipe for target 'cmTC_0faf8' failed
make[1]: *** [cmTC_0faf8] Error 1
make[1]: Leaving directory '/home/fyn/daily_exercise/exercise/bag_time_changer/build/CMakeFiles/CMakeTmp'
Makefile:126: recipe for target 'cmTC_0faf8/fast' failed
make: *** [cmTC_0faf8/fast] Error 2


