Determining if the pthread_create exist failed with the following output:
Change Dir: /home/fyn/daily_exercise/exercise/videotobag/build/catkin_tools_prebuild/CMakeFiles/CMakeTmp

Run Build Command:"/usr/bin/make" "cmTC_11194/fast"
/usr/bin/make -f CMakeFiles/cmTC_11194.dir/build.make CMakeFiles/cmTC_11194.dir/build
make[1]: Entering directory '/home/fyn/daily_exercise/exercise/videotobag/build/catkin_tools_prebuild/CMakeFiles/CMakeTmp'
Building C object CMakeFiles/cmTC_11194.dir/CheckSymbolExists.c.o
/usr/bin/cc     -o CMakeFiles/cmTC_11194.dir/CheckSymbolExists.c.o   -c /home/fyn/daily_exercise/exercise/videotobag/build/catkin_tools_prebuild/CMakeFiles/CMakeTmp/CheckSymbolExists.c
Linking C executable cmTC_11194
/usr/bin/cmake -E cmake_link_script CMakeFiles/cmTC_11194.dir/link.txt --verbose=1
/usr/bin/cc       CMakeFiles/cmTC_11194.dir/CheckSymbolExists.c.o  -o cmTC_11194 -rdynamic 
CMakeFiles/cmTC_11194.dir/CheckSymbolExists.c.o: In function `main':
CheckSymbolExists.c:(.text+0x16): undefined reference to `pthread_create'
collect2: error: ld returned 1 exit status
CMakeFiles/cmTC_11194.dir/build.make:97: recipe for target 'cmTC_11194' failed
make[1]: *** [cmTC_11194] Error 1
make[1]: Leaving directory '/home/fyn/daily_exercise/exercise/videotobag/build/catkin_tools_prebuild/CMakeFiles/CMakeTmp'
Makefile:126: recipe for target 'cmTC_11194/fast' failed
make: *** [cmTC_11194/fast] Error 2

File /home/fyn/daily_exercise/exercise/videotobag/build/catkin_tools_prebuild/CMakeFiles/CMakeTmp/CheckSymbolExists.c:
/* */
#include <pthread.h>

int main(int argc, char** argv)
{
  (void)argv;
#ifndef pthread_create
  return ((int*)(&pthread_create))[argc];
#else
  (void)argc;
  return 0;
#endif
}

Determining if the function pthread_create exists in the pthreads failed with the following output:
Change Dir: /home/fyn/daily_exercise/exercise/videotobag/build/catkin_tools_prebuild/CMakeFiles/CMakeTmp

Run Build Command:"/usr/bin/make" "cmTC_6bd86/fast"
/usr/bin/make -f CMakeFiles/cmTC_6bd86.dir/build.make CMakeFiles/cmTC_6bd86.dir/build
make[1]: Entering directory '/home/fyn/daily_exercise/exercise/videotobag/build/catkin_tools_prebuild/CMakeFiles/CMakeTmp'
Building C object CMakeFiles/cmTC_6bd86.dir/CheckFunctionExists.c.o
/usr/bin/cc    -DCHECK_FUNCTION_EXISTS=pthread_create   -o CMakeFiles/cmTC_6bd86.dir/CheckFunctionExists.c.o   -c /usr/share/cmake-3.5/Modules/CheckFunctionExists.c
Linking C executable cmTC_6bd86
/usr/bin/cmake -E cmake_link_script CMakeFiles/cmTC_6bd86.dir/link.txt --verbose=1
/usr/bin/cc   -DCHECK_FUNCTION_EXISTS=pthread_create    CMakeFiles/cmTC_6bd86.dir/CheckFunctionExists.c.o  -o cmTC_6bd86 -rdynamic -lpthreads 
/usr/bin/ld: cannot find -lpthreads
collect2: error: ld returned 1 exit status
CMakeFiles/cmTC_6bd86.dir/build.make:97: recipe for target 'cmTC_6bd86' failed
make[1]: *** [cmTC_6bd86] Error 1
make[1]: Leaving directory '/home/fyn/daily_exercise/exercise/videotobag/build/catkin_tools_prebuild/CMakeFiles/CMakeTmp'
Makefile:126: recipe for target 'cmTC_6bd86/fast' failed
make: *** [cmTC_6bd86/fast] Error 2


