[01m[K/home/fyn/daily_exercise/exercise/videotobag/src/videobag/src/main.cpp:[m[K In function ‘[01m[Kcv::Mat getCvMatImgFromCap(const cv::VideoCapture&)[m[K’:
[01m[K/home/fyn/daily_exercise/exercise/videotobag/src/videobag/src/main.cpp:15:7:[m[K [01;31m[Kerror: [m[Kno match for ‘[01m[Koperator>>[m[K’ (operand types are ‘[01m[Kconst cv::VideoCapture[m[K’ and ‘[01m[Kcv::Mat[m[K’)
   cap >> img;
[01;32m[K       ^[m[K
In file included from [01m[K/opt/ros/kinetic/include/opencv-3.3.1-dev/opencv2/highgui.hpp:51:0[m[K,
                 from [01m[K/opt/ros/kinetic/include/opencv-3.3.1-dev/opencv2/highgui/highgui.hpp:48[m[K,
                 from [01m[K/home/fyn/daily_exercise/exercise/videotobag/src/videobag/src/main.cpp:4[m[K:
[01m[K/opt/ros/kinetic/include/opencv-3.3.1-dev/opencv2/videoio.hpp:740:27:[m[K [01;36m[Knote: [m[Kcandidate: virtual cv::VideoCapture& cv::VideoCapture::operator>>(cv::Mat&) <near match>
     virtual VideoCapture& operator >> (CV_OUT Mat& image);
[01;32m[K                           ^[m[K
[01m[K/opt/ros/kinetic/include/opencv-3.3.1-dev/opencv2/videoio.hpp:740:27:[m[K [01;36m[Knote: [m[K  passing ‘[01m[Kconst cv::VideoCapture*[m[K’ as ‘[01m[Kthis[m[K’ argument discards qualifiers
[01m[K/opt/ros/kinetic/include/opencv-3.3.1-dev/opencv2/videoio.hpp:745:27:[m[K [01;36m[Knote: [m[Kcandidate: virtual cv::VideoCapture& cv::VideoCapture::operator>>(cv::UMat&)
     virtual VideoCapture& operator >> (CV_OUT UMat& image);
[01;32m[K                           ^[m[K
[01m[K/opt/ros/kinetic/include/opencv-3.3.1-dev/opencv2/videoio.hpp:745:27:[m[K [01;36m[Knote: [m[K  no known conversion for argument 1 from ‘[01m[Kcv::Mat[m[K’ to ‘[01m[Kcv::UMat&[m[K’
In file included from [01m[K/opt/ros/kinetic/include/opencv-3.3.1-dev/opencv2/core.hpp:60:0[m[K,
                 from [01m[K/opt/ros/kinetic/include/opencv-3.3.1-dev/opencv2/highgui.hpp:46[m[K,
                 from [01m[K/opt/ros/kinetic/include/opencv-3.3.1-dev/opencv2/highgui/highgui.hpp:48[m[K,
                 from [01m[K/home/fyn/daily_exercise/exercise/videotobag/src/videobag/src/main.cpp:4[m[K:
[01m[K/opt/ros/kinetic/include/opencv-3.3.1-dev/opencv2/core/persistence.hpp:1277:6:[m[K [01;36m[Knote: [m[Kcandidate: void cv::operator>>(const cv::FileNode&, cv::DMatch&)
 void operator >> (const FileNode& n, DMatch& m)
[01;32m[K      ^[m[K
[01m[K/opt/ros/kinetic/include/opencv-3.3.1-dev/opencv2/core/persistence.hpp:1277:6:[m[K [01;36m[Knote: [m[K  no known conversion for argument 1 from ‘[01m[Kconst cv::VideoCapture[m[K’ to ‘[01m[Kconst cv::FileNode&[m[K’
[01m[K/opt/ros/kinetic/include/opencv-3.3.1-dev/opencv2/core/persistence.hpp:1267:6:[m[K [01;36m[Knote: [m[Kcandidate: void cv::operator>>(const cv::FileNode&, std::vector<cv::DMatch>&)
 void operator >> (const FileNode& n, std::vector<DMatch>& vec)
[01;32m[K      ^[m[K
[01m[K/opt/ros/kinetic/include/opencv-3.3.1-dev/opencv2/core/persistence.hpp:1267:6:[m[K [01;36m[Knote: [m[K  no known conversion for argument 1 from ‘[01m[Kconst cv::VideoCapture[m[K’ to ‘[01m[Kconst cv::FileNode&[m[K’
[01m[K/opt/ros/kinetic/include/opencv-3.3.1-dev/opencv2/core/persistence.hpp:1262:6:[m[K [01;36m[Knote: [m[Kcandidate: void cv::operator>>(const cv::FileNode&, std::vector<cv::KeyPoint>&)
 void operator >> (const FileNode& n, std::vector<KeyPoint>& vec)
[01;32m[K      ^[m[K
[01m[K/opt/ros/kinetic/include/opencv-3.3.1-dev/opencv2/core/persistence.hpp:1262:6:[m[K [01;36m[Knote: [m[K  no known conversion for argument 1 from ‘[01m[Kconst cv::VideoCapture[m[K’ to ‘[01m[Kconst cv::FileNode&[m[K’
[01m[K/opt/ros/kinetic/include/opencv-3.3.1-dev/opencv2/core/persistence.hpp:1254:6:[m[K [01;36m[Knote: [m[Kcandidate: void cv::operator>>(const cv::FileNode&, cv::KeyPoint&)
 void operator >> (const FileNode& n, KeyPoint& kpt)
[01;32m[K      ^[m[K
[01m[K/opt/ros/kinetic/include/opencv-3.3.1-dev/opencv2/core/persistence.hpp:1254:6:[m[K [01;36m[Knote: [m[K  no known conversion for argument 1 from ‘[01m[Kconst cv::VideoCapture[m[K’ to ‘[01m[Kconst cv::FileNode&[m[K’
[01m[K/opt/ros/kinetic/include/opencv-3.3.1-dev/opencv2/core/persistence.hpp:1244:6:[m[K [01;36m[Knote: [m[Kcandidate: template<class _Tp> void cv::operator>>(const cv::FileNode&, std::vector<_Tp>&)
 void operator >> (const FileNode& n, std::vector<_Tp>& vec)
[01;32m[K      ^[m[K
[01m[K/opt/ros/kinetic/include/opencv-3.3.1-dev/opencv2/core/persistence.hpp:1244:6:[m[K [01;36m[Knote: [m[K  template argument deduction/substitution failed:
[01m[K/home/fyn/daily_exercise/exercise/videotobag/src/videobag/src/main.cpp:15:10:[m[K [01;36m[Knote: [m[K  cannot convert ‘[01m[Kcap[m[K’ (type ‘[01m[Kconst cv::VideoCapture[m[K’) to type ‘[01m[Kconst cv::FileNode&[m[K’
   cap >> img;
[01;32m[K          ^[m[K
In file included from [01m[K/opt/ros/kinetic/include/opencv-3.3.1-dev/opencv2/core.hpp:60:0[m[K,
                 from [01m[K/opt/ros/kinetic/include/opencv-3.3.1-dev/opencv2/highgui.hpp:46[m[K,
                 from [01m[K/opt/ros/kinetic/include/opencv-3.3.1-dev/opencv2/highgui/highgui.hpp:48[m[K,
                 from [01m[K/home/fyn/daily_exercise/exercise/videotobag/src/videobag/src/main.cpp:4[m[K:
[01m[K/opt/ros/kinetic/include/opencv-3.3.1-dev/opencv2/core/persistence.hpp:1236:6:[m[K [01;36m[Knote: [m[Kcandidate: template<class _Tp> void cv::operator>>(const cv::FileNode&, _Tp&)
 void operator >> (const FileNode& n, _Tp& value)
[01;32m[K      ^[m[K
[01m[K/opt/ros/kinetic/include/opencv-3.3.1-dev/opencv2/core/persistence.hpp:1236:6:[m[K [01;36m[Knote: [m[K  template argument deduction/substitution failed:
[01m[K/home/fyn/daily_exercise/exercise/videotobag/src/videobag/src/main.cpp:15:10:[m[K [01;36m[Knote: [m[K  cannot convert ‘[01m[Kcap[m[K’ (type ‘[01m[Kconst cv::VideoCapture[m[K’) to type ‘[01m[Kconst cv::FileNode&[m[K’
   cap >> img;
[01;32m[K          ^[m[K
In file included from [01m[K/opt/ros/kinetic/include/opencv-3.3.1-dev/opencv2/core.hpp:60:0[m[K,
                 from [01m[K/opt/ros/kinetic/include/opencv-3.3.1-dev/opencv2/highgui.hpp:46[m[K,
                 from [01m[K/opt/ros/kinetic/include/opencv-3.3.1-dev/opencv2/highgui/highgui.hpp:48[m[K,
                 from [01m[K/home/fyn/daily_exercise/exercise/videotobag/src/videobag/src/main.cpp:4[m[K:
[01m[K/opt/ros/kinetic/include/opencv-3.3.1-dev/opencv2/core/persistence.hpp:1221:19:[m[K [01;36m[Knote: [m[Kcandidate: template<class _Tp> cv::FileNodeIterator& cv::operator>>(cv::FileNodeIterator&, std::vector<_Tp>&)
 FileNodeIterator& operator >> (FileNodeIterator& it, std::vector<_Tp>& vec)
[01;32m[K                   ^[m[K
[01m[K/opt/ros/kinetic/include/opencv-3.3.1-dev/opencv2/core/persistence.hpp:1221:19:[m[K [01;36m[Knote: [m[K  template argument deduction/substitution failed:
[01m[K/home/fyn/daily_exercise/exercise/videotobag/src/videobag/src/main.cpp:15:10:[m[K [01;36m[Knote: [m[K  cannot convert ‘[01m[Kcap[m[K’ (type ‘[01m[Kconst cv::VideoCapture[m[K’) to type ‘[01m[Kcv::FileNodeIterator&[m[K’
   cap >> img;
[01;32m[K          ^[m[K
In file included from [01m[K/opt/ros/kinetic/include/opencv-3.3.1-dev/opencv2/core.hpp:60:0[m[K,
                 from [01m[K/opt/ros/kinetic/include/opencv-3.3.1-dev/opencv2/highgui.hpp:46[m[K,
                 from [01m[K/opt/ros/kinetic/include/opencv-3.3.1-dev/opencv2/highgui/highgui.hpp:48[m[K,
                 from [01m[K/home/fyn/daily_exercise/exercise/videotobag/src/videobag/src/main.cpp:4[m[K:
[01m[K/opt/ros/kinetic/include/opencv-3.3.1-dev/opencv2/core/persistence.hpp:1212:19:[m[K [01;36m[Knote: [m[Kcandidate: template<class _Tp> cv::FileNodeIterator& cv::operator>>(cv::FileNodeIterator&, _Tp&)
 FileNodeIterator& operator >> (FileNodeIterator& it, _Tp& value)
[01;32m[K                   ^[m[K
[01m[K/opt/ros/kinetic/include/opencv-3.3.1-dev/opencv2/core/persistence.hpp:1212:19:[m[K [01;36m[Knote: [m[K  template argument deduction/substitution failed:
[01m[K/home/fyn/daily_exercise/exercise/videotobag/src/videobag/src/main.cpp:15:10:[m[K [01;36m[Knote: [m[K  cannot convert ‘[01m[Kcap[m[K’ (type ‘[01m[Kconst cv::VideoCapture[m[K’) to type ‘[01m[Kcv::FileNodeIterator&[m[K’
   cap >> img;
[01;32m[K          ^[m[K
make[2]: *** [CMakeFiles/videobag.dir/src/main.cpp.o] Error 1
make[1]: *** [CMakeFiles/videobag.dir/all] Error 2
make: *** [all] Error 2
